   1              		.syntax unified
   2              		.cpu cortex-m3
   3              		.fpu softvfp
   4              		.eabi_attribute 20, 1
   5              		.eabi_attribute 21, 1
   6              		.eabi_attribute 23, 3
   7              		.eabi_attribute 24, 1
   8              		.eabi_attribute 25, 1
   9              		.eabi_attribute 26, 1
  10              		.eabi_attribute 30, 4
  11              		.eabi_attribute 18, 4
  12              		.thumb
  13              		.file	"stm32f10x_iwdg.c"
  23              	.Ltext0:
 15858              		.align	1
 15859              		.global	IWDG_WriteAccessCmd
 15860              		.thumb
 15861              		.thumb_func
 15863              	IWDG_WriteAccessCmd:
 15864              	.LFB29:
   1:../../../SDK_embedded/libs/stm32/STM32F10x_StdPeriph_Driver/stm32f10x_iwdg.c **** /**
   2:../../../SDK_embedded/libs/stm32/STM32F10x_StdPeriph_Driver/stm32f10x_iwdg.c ****   ******************************************************************************
   3:../../../SDK_embedded/libs/stm32/STM32F10x_StdPeriph_Driver/stm32f10x_iwdg.c ****   * @file    stm32f10x_iwdg.c
   4:../../../SDK_embedded/libs/stm32/STM32F10x_StdPeriph_Driver/stm32f10x_iwdg.c ****   * @author  MCD Application Team
   5:../../../SDK_embedded/libs/stm32/STM32F10x_StdPeriph_Driver/stm32f10x_iwdg.c ****   * @version V3.3.0
   6:../../../SDK_embedded/libs/stm32/STM32F10x_StdPeriph_Driver/stm32f10x_iwdg.c ****   * @date    04/16/2010
   7:../../../SDK_embedded/libs/stm32/STM32F10x_StdPeriph_Driver/stm32f10x_iwdg.c ****   * @brief   This file provides all the IWDG firmware functions.
   8:../../../SDK_embedded/libs/stm32/STM32F10x_StdPeriph_Driver/stm32f10x_iwdg.c ****   ******************************************************************************
   9:../../../SDK_embedded/libs/stm32/STM32F10x_StdPeriph_Driver/stm32f10x_iwdg.c ****   * @copy
  10:../../../SDK_embedded/libs/stm32/STM32F10x_StdPeriph_Driver/stm32f10x_iwdg.c ****   *
  11:../../../SDK_embedded/libs/stm32/STM32F10x_StdPeriph_Driver/stm32f10x_iwdg.c ****   * THE PRESENT FIRMWARE WHICH IS FOR GUIDANCE ONLY AIMS AT PROVIDING CUSTOMERS
  12:../../../SDK_embedded/libs/stm32/STM32F10x_StdPeriph_Driver/stm32f10x_iwdg.c ****   * WITH CODING INFORMATION REGARDING THEIR PRODUCTS IN ORDER FOR THEM TO SAVE
  13:../../../SDK_embedded/libs/stm32/STM32F10x_StdPeriph_Driver/stm32f10x_iwdg.c ****   * TIME. AS A RESULT, STMICROELECTRONICS SHALL NOT BE HELD LIABLE FOR ANY
  14:../../../SDK_embedded/libs/stm32/STM32F10x_StdPeriph_Driver/stm32f10x_iwdg.c ****   * DIRECT, INDIRECT OR CONSEQUENTIAL DAMAGES WITH RESPECT TO ANY CLAIMS ARISING
  15:../../../SDK_embedded/libs/stm32/STM32F10x_StdPeriph_Driver/stm32f10x_iwdg.c ****   * FROM THE CONTENT OF SUCH FIRMWARE AND/OR THE USE MADE BY CUSTOMERS OF THE
  16:../../../SDK_embedded/libs/stm32/STM32F10x_StdPeriph_Driver/stm32f10x_iwdg.c ****   * CODING INFORMATION CONTAINED HEREIN IN CONNECTION WITH THEIR PRODUCTS.
  17:../../../SDK_embedded/libs/stm32/STM32F10x_StdPeriph_Driver/stm32f10x_iwdg.c ****   *
  18:../../../SDK_embedded/libs/stm32/STM32F10x_StdPeriph_Driver/stm32f10x_iwdg.c ****   * <h2><center>&copy; COPYRIGHT 2010 STMicroelectronics</center></h2>
  19:../../../SDK_embedded/libs/stm32/STM32F10x_StdPeriph_Driver/stm32f10x_iwdg.c ****   */ 
  20:../../../SDK_embedded/libs/stm32/STM32F10x_StdPeriph_Driver/stm32f10x_iwdg.c **** 
  21:../../../SDK_embedded/libs/stm32/STM32F10x_StdPeriph_Driver/stm32f10x_iwdg.c **** /* Includes ------------------------------------------------------------------*/
  22:../../../SDK_embedded/libs/stm32/STM32F10x_StdPeriph_Driver/stm32f10x_iwdg.c **** #include "stm32f10x_iwdg.h"
  23:../../../SDK_embedded/libs/stm32/STM32F10x_StdPeriph_Driver/stm32f10x_iwdg.c **** 
  24:../../../SDK_embedded/libs/stm32/STM32F10x_StdPeriph_Driver/stm32f10x_iwdg.c **** /** @addtogroup STM32F10x_StdPeriph_Driver
  25:../../../SDK_embedded/libs/stm32/STM32F10x_StdPeriph_Driver/stm32f10x_iwdg.c ****   * @{
  26:../../../SDK_embedded/libs/stm32/STM32F10x_StdPeriph_Driver/stm32f10x_iwdg.c ****   */
  27:../../../SDK_embedded/libs/stm32/STM32F10x_StdPeriph_Driver/stm32f10x_iwdg.c **** 
  28:../../../SDK_embedded/libs/stm32/STM32F10x_StdPeriph_Driver/stm32f10x_iwdg.c **** /** @defgroup IWDG 
  29:../../../SDK_embedded/libs/stm32/STM32F10x_StdPeriph_Driver/stm32f10x_iwdg.c ****   * @brief IWDG driver modules
  30:../../../SDK_embedded/libs/stm32/STM32F10x_StdPeriph_Driver/stm32f10x_iwdg.c ****   * @{
  31:../../../SDK_embedded/libs/stm32/STM32F10x_StdPeriph_Driver/stm32f10x_iwdg.c ****   */ 
  32:../../../SDK_embedded/libs/stm32/STM32F10x_StdPeriph_Driver/stm32f10x_iwdg.c **** 
  33:../../../SDK_embedded/libs/stm32/STM32F10x_StdPeriph_Driver/stm32f10x_iwdg.c **** /** @defgroup IWDG_Private_TypesDefinitions
  34:../../../SDK_embedded/libs/stm32/STM32F10x_StdPeriph_Driver/stm32f10x_iwdg.c ****   * @{
  35:../../../SDK_embedded/libs/stm32/STM32F10x_StdPeriph_Driver/stm32f10x_iwdg.c ****   */
  36:../../../SDK_embedded/libs/stm32/STM32F10x_StdPeriph_Driver/stm32f10x_iwdg.c **** 
  37:../../../SDK_embedded/libs/stm32/STM32F10x_StdPeriph_Driver/stm32f10x_iwdg.c **** /**
  38:../../../SDK_embedded/libs/stm32/STM32F10x_StdPeriph_Driver/stm32f10x_iwdg.c ****   * @}
  39:../../../SDK_embedded/libs/stm32/STM32F10x_StdPeriph_Driver/stm32f10x_iwdg.c ****   */
  40:../../../SDK_embedded/libs/stm32/STM32F10x_StdPeriph_Driver/stm32f10x_iwdg.c **** 
  41:../../../SDK_embedded/libs/stm32/STM32F10x_StdPeriph_Driver/stm32f10x_iwdg.c **** /** @defgroup IWDG_Private_Defines
  42:../../../SDK_embedded/libs/stm32/STM32F10x_StdPeriph_Driver/stm32f10x_iwdg.c ****   * @{
  43:../../../SDK_embedded/libs/stm32/STM32F10x_StdPeriph_Driver/stm32f10x_iwdg.c ****   */ 
  44:../../../SDK_embedded/libs/stm32/STM32F10x_StdPeriph_Driver/stm32f10x_iwdg.c **** 
  45:../../../SDK_embedded/libs/stm32/STM32F10x_StdPeriph_Driver/stm32f10x_iwdg.c **** /* ---------------------- IWDG registers bit mask ----------------------------*/
  46:../../../SDK_embedded/libs/stm32/STM32F10x_StdPeriph_Driver/stm32f10x_iwdg.c **** 
  47:../../../SDK_embedded/libs/stm32/STM32F10x_StdPeriph_Driver/stm32f10x_iwdg.c **** /* KR register bit mask */
  48:../../../SDK_embedded/libs/stm32/STM32F10x_StdPeriph_Driver/stm32f10x_iwdg.c **** #define KR_KEY_Reload    ((uint16_t)0xAAAA)
  49:../../../SDK_embedded/libs/stm32/STM32F10x_StdPeriph_Driver/stm32f10x_iwdg.c **** #define KR_KEY_Enable    ((uint16_t)0xCCCC)
  50:../../../SDK_embedded/libs/stm32/STM32F10x_StdPeriph_Driver/stm32f10x_iwdg.c **** 
  51:../../../SDK_embedded/libs/stm32/STM32F10x_StdPeriph_Driver/stm32f10x_iwdg.c **** /**
  52:../../../SDK_embedded/libs/stm32/STM32F10x_StdPeriph_Driver/stm32f10x_iwdg.c ****   * @}
  53:../../../SDK_embedded/libs/stm32/STM32F10x_StdPeriph_Driver/stm32f10x_iwdg.c ****   */ 
  54:../../../SDK_embedded/libs/stm32/STM32F10x_StdPeriph_Driver/stm32f10x_iwdg.c **** 
  55:../../../SDK_embedded/libs/stm32/STM32F10x_StdPeriph_Driver/stm32f10x_iwdg.c **** /** @defgroup IWDG_Private_Macros
  56:../../../SDK_embedded/libs/stm32/STM32F10x_StdPeriph_Driver/stm32f10x_iwdg.c ****   * @{
  57:../../../SDK_embedded/libs/stm32/STM32F10x_StdPeriph_Driver/stm32f10x_iwdg.c ****   */
  58:../../../SDK_embedded/libs/stm32/STM32F10x_StdPeriph_Driver/stm32f10x_iwdg.c **** 
  59:../../../SDK_embedded/libs/stm32/STM32F10x_StdPeriph_Driver/stm32f10x_iwdg.c **** /**
  60:../../../SDK_embedded/libs/stm32/STM32F10x_StdPeriph_Driver/stm32f10x_iwdg.c ****   * @}
  61:../../../SDK_embedded/libs/stm32/STM32F10x_StdPeriph_Driver/stm32f10x_iwdg.c ****   */
  62:../../../SDK_embedded/libs/stm32/STM32F10x_StdPeriph_Driver/stm32f10x_iwdg.c **** 
  63:../../../SDK_embedded/libs/stm32/STM32F10x_StdPeriph_Driver/stm32f10x_iwdg.c **** /** @defgroup IWDG_Private_Variables
  64:../../../SDK_embedded/libs/stm32/STM32F10x_StdPeriph_Driver/stm32f10x_iwdg.c ****   * @{
  65:../../../SDK_embedded/libs/stm32/STM32F10x_StdPeriph_Driver/stm32f10x_iwdg.c ****   */
  66:../../../SDK_embedded/libs/stm32/STM32F10x_StdPeriph_Driver/stm32f10x_iwdg.c **** 
  67:../../../SDK_embedded/libs/stm32/STM32F10x_StdPeriph_Driver/stm32f10x_iwdg.c **** /**
  68:../../../SDK_embedded/libs/stm32/STM32F10x_StdPeriph_Driver/stm32f10x_iwdg.c ****   * @}
  69:../../../SDK_embedded/libs/stm32/STM32F10x_StdPeriph_Driver/stm32f10x_iwdg.c ****   */
  70:../../../SDK_embedded/libs/stm32/STM32F10x_StdPeriph_Driver/stm32f10x_iwdg.c **** 
  71:../../../SDK_embedded/libs/stm32/STM32F10x_StdPeriph_Driver/stm32f10x_iwdg.c **** /** @defgroup IWDG_Private_FunctionPrototypes
  72:../../../SDK_embedded/libs/stm32/STM32F10x_StdPeriph_Driver/stm32f10x_iwdg.c ****   * @{
  73:../../../SDK_embedded/libs/stm32/STM32F10x_StdPeriph_Driver/stm32f10x_iwdg.c ****   */
  74:../../../SDK_embedded/libs/stm32/STM32F10x_StdPeriph_Driver/stm32f10x_iwdg.c **** 
  75:../../../SDK_embedded/libs/stm32/STM32F10x_StdPeriph_Driver/stm32f10x_iwdg.c **** /**
  76:../../../SDK_embedded/libs/stm32/STM32F10x_StdPeriph_Driver/stm32f10x_iwdg.c ****   * @}
  77:../../../SDK_embedded/libs/stm32/STM32F10x_StdPeriph_Driver/stm32f10x_iwdg.c ****   */
  78:../../../SDK_embedded/libs/stm32/STM32F10x_StdPeriph_Driver/stm32f10x_iwdg.c **** 
  79:../../../SDK_embedded/libs/stm32/STM32F10x_StdPeriph_Driver/stm32f10x_iwdg.c **** /** @defgroup IWDG_Private_Functions
  80:../../../SDK_embedded/libs/stm32/STM32F10x_StdPeriph_Driver/stm32f10x_iwdg.c ****   * @{
  81:../../../SDK_embedded/libs/stm32/STM32F10x_StdPeriph_Driver/stm32f10x_iwdg.c ****   */
  82:../../../SDK_embedded/libs/stm32/STM32F10x_StdPeriph_Driver/stm32f10x_iwdg.c **** 
  83:../../../SDK_embedded/libs/stm32/STM32F10x_StdPeriph_Driver/stm32f10x_iwdg.c **** /**
  84:../../../SDK_embedded/libs/stm32/STM32F10x_StdPeriph_Driver/stm32f10x_iwdg.c ****   * @brief  Enables or disables write access to IWDG_PR and IWDG_RLR registers.
  85:../../../SDK_embedded/libs/stm32/STM32F10x_StdPeriph_Driver/stm32f10x_iwdg.c ****   * @param  IWDG_WriteAccess: new state of write access to IWDG_PR and IWDG_RLR registers.
  86:../../../SDK_embedded/libs/stm32/STM32F10x_StdPeriph_Driver/stm32f10x_iwdg.c ****   *   This parameter can be one of the following values:
  87:../../../SDK_embedded/libs/stm32/STM32F10x_StdPeriph_Driver/stm32f10x_iwdg.c ****   *     @arg IWDG_WriteAccess_Enable: Enable write access to IWDG_PR and IWDG_RLR registers
  88:../../../SDK_embedded/libs/stm32/STM32F10x_StdPeriph_Driver/stm32f10x_iwdg.c ****   *     @arg IWDG_WriteAccess_Disable: Disable write access to IWDG_PR and IWDG_RLR registers
  89:../../../SDK_embedded/libs/stm32/STM32F10x_StdPeriph_Driver/stm32f10x_iwdg.c ****   * @retval None
  90:../../../SDK_embedded/libs/stm32/STM32F10x_StdPeriph_Driver/stm32f10x_iwdg.c ****   */
  91:../../../SDK_embedded/libs/stm32/STM32F10x_StdPeriph_Driver/stm32f10x_iwdg.c **** void IWDG_WriteAccessCmd(uint16_t IWDG_WriteAccess)
  92:../../../SDK_embedded/libs/stm32/STM32F10x_StdPeriph_Driver/stm32f10x_iwdg.c **** {
 15865              		.loc 1 92 0
 15866              		.cfi_startproc
 15867              		@ args = 0, pretend = 0, frame = 0
 15868              		@ frame_needed = 0, uses_anonymous_args = 0
 15869              		@ link register save eliminated.
 15870              	.LVL0:
  93:../../../SDK_embedded/libs/stm32/STM32F10x_StdPeriph_Driver/stm32f10x_iwdg.c ****   /* Check the parameters */
  94:../../../SDK_embedded/libs/stm32/STM32F10x_StdPeriph_Driver/stm32f10x_iwdg.c ****   assert_param(IS_IWDG_WRITE_ACCESS(IWDG_WriteAccess));
  95:../../../SDK_embedded/libs/stm32/STM32F10x_StdPeriph_Driver/stm32f10x_iwdg.c ****   IWDG->KR = IWDG_WriteAccess;
 15871              		.loc 1 95 0
 15872 0000 014B     		ldr	r3, .L2
 15873 0002 1860     		str	r0, [r3, #0]
  96:../../../SDK_embedded/libs/stm32/STM32F10x_StdPeriph_Driver/stm32f10x_iwdg.c **** }
 15874              		.loc 1 96 0
 15875 0004 7047     		bx	lr
 15876              	.L3:
 15877 0006 00BF     		.align	2
 15878              	.L2:
 15879 0008 00300040 		.word	1073754112
 15880              		.cfi_endproc
 15881              	.LFE29:
 15883              		.section	.text.IWDG_SetPrescaler,"ax",%progbits
 15884              		.align	1
 15885              		.global	IWDG_SetPrescaler
 15886              		.thumb
 15887              		.thumb_func
 15889              	IWDG_SetPrescaler:
 15890              	.LFB30:
  97:../../../SDK_embedded/libs/stm32/STM32F10x_StdPeriph_Driver/stm32f10x_iwdg.c **** 
  98:../../../SDK_embedded/libs/stm32/STM32F10x_StdPeriph_Driver/stm32f10x_iwdg.c **** /**
  99:../../../SDK_embedded/libs/stm32/STM32F10x_StdPeriph_Driver/stm32f10x_iwdg.c ****   * @brief  Sets IWDG Prescaler value.
 100:../../../SDK_embedded/libs/stm32/STM32F10x_StdPeriph_Driver/stm32f10x_iwdg.c ****   * @param  IWDG_Prescaler: specifies the IWDG Prescaler value.
 101:../../../SDK_embedded/libs/stm32/STM32F10x_StdPeriph_Driver/stm32f10x_iwdg.c ****   *   This parameter can be one of the following values:
 102:../../../SDK_embedded/libs/stm32/STM32F10x_StdPeriph_Driver/stm32f10x_iwdg.c ****   *     @arg IWDG_Prescaler_4: IWDG prescaler set to 4
 103:../../../SDK_embedded/libs/stm32/STM32F10x_StdPeriph_Driver/stm32f10x_iwdg.c ****   *     @arg IWDG_Prescaler_8: IWDG prescaler set to 8
 104:../../../SDK_embedded/libs/stm32/STM32F10x_StdPeriph_Driver/stm32f10x_iwdg.c ****   *     @arg IWDG_Prescaler_16: IWDG prescaler set to 16
 105:../../../SDK_embedded/libs/stm32/STM32F10x_StdPeriph_Driver/stm32f10x_iwdg.c ****   *     @arg IWDG_Prescaler_32: IWDG prescaler set to 32
 106:../../../SDK_embedded/libs/stm32/STM32F10x_StdPeriph_Driver/stm32f10x_iwdg.c ****   *     @arg IWDG_Prescaler_64: IWDG prescaler set to 64
 107:../../../SDK_embedded/libs/stm32/STM32F10x_StdPeriph_Driver/stm32f10x_iwdg.c ****   *     @arg IWDG_Prescaler_128: IWDG prescaler set to 128
 108:../../../SDK_embedded/libs/stm32/STM32F10x_StdPeriph_Driver/stm32f10x_iwdg.c ****   *     @arg IWDG_Prescaler_256: IWDG prescaler set to 256
 109:../../../SDK_embedded/libs/stm32/STM32F10x_StdPeriph_Driver/stm32f10x_iwdg.c ****   * @retval None
 110:../../../SDK_embedded/libs/stm32/STM32F10x_StdPeriph_Driver/stm32f10x_iwdg.c ****   */
 111:../../../SDK_embedded/libs/stm32/STM32F10x_StdPeriph_Driver/stm32f10x_iwdg.c **** void IWDG_SetPrescaler(uint8_t IWDG_Prescaler)
 112:../../../SDK_embedded/libs/stm32/STM32F10x_StdPeriph_Driver/stm32f10x_iwdg.c **** {
 15891              		.loc 1 112 0
 15892              		.cfi_startproc
 15893              		@ args = 0, pretend = 0, frame = 0
 15894              		@ frame_needed = 0, uses_anonymous_args = 0
 15895              		@ link register save eliminated.
 15896              	.LVL1:
 113:../../../SDK_embedded/libs/stm32/STM32F10x_StdPeriph_Driver/stm32f10x_iwdg.c ****   /* Check the parameters */
 114:../../../SDK_embedded/libs/stm32/STM32F10x_StdPeriph_Driver/stm32f10x_iwdg.c ****   assert_param(IS_IWDG_PRESCALER(IWDG_Prescaler));
 115:../../../SDK_embedded/libs/stm32/STM32F10x_StdPeriph_Driver/stm32f10x_iwdg.c ****   IWDG->PR = IWDG_Prescaler;
 15897              		.loc 1 115 0
 15898 0000 014B     		ldr	r3, .L5
 15899 0002 5860     		str	r0, [r3, #4]
 116:../../../SDK_embedded/libs/stm32/STM32F10x_StdPeriph_Driver/stm32f10x_iwdg.c **** }
 15900              		.loc 1 116 0
 15901 0004 7047     		bx	lr
 15902              	.L6:
 15903 0006 00BF     		.align	2
 15904              	.L5:
 15905 0008 00300040 		.word	1073754112
 15906              		.cfi_endproc
 15907              	.LFE30:
 15909              		.section	.text.IWDG_SetReload,"ax",%progbits
 15910              		.align	1
 15911              		.global	IWDG_SetReload
 15912              		.thumb
 15913              		.thumb_func
 15915              	IWDG_SetReload:
 15916              	.LFB31:
 117:../../../SDK_embedded/libs/stm32/STM32F10x_StdPeriph_Driver/stm32f10x_iwdg.c **** 
 118:../../../SDK_embedded/libs/stm32/STM32F10x_StdPeriph_Driver/stm32f10x_iwdg.c **** /**
 119:../../../SDK_embedded/libs/stm32/STM32F10x_StdPeriph_Driver/stm32f10x_iwdg.c ****   * @brief  Sets IWDG Reload value.
 120:../../../SDK_embedded/libs/stm32/STM32F10x_StdPeriph_Driver/stm32f10x_iwdg.c ****   * @param  Reload: specifies the IWDG Reload value.
 121:../../../SDK_embedded/libs/stm32/STM32F10x_StdPeriph_Driver/stm32f10x_iwdg.c ****   *   This parameter must be a number between 0 and 0x0FFF.
 122:../../../SDK_embedded/libs/stm32/STM32F10x_StdPeriph_Driver/stm32f10x_iwdg.c ****   * @retval None
 123:../../../SDK_embedded/libs/stm32/STM32F10x_StdPeriph_Driver/stm32f10x_iwdg.c ****   */
 124:../../../SDK_embedded/libs/stm32/STM32F10x_StdPeriph_Driver/stm32f10x_iwdg.c **** void IWDG_SetReload(uint16_t Reload)
 125:../../../SDK_embedded/libs/stm32/STM32F10x_StdPeriph_Driver/stm32f10x_iwdg.c **** {
 15917              		.loc 1 125 0
 15918              		.cfi_startproc
 15919              		@ args = 0, pretend = 0, frame = 0
 15920              		@ frame_needed = 0, uses_anonymous_args = 0
 15921              		@ link register save eliminated.
 15922              	.LVL2:
 126:../../../SDK_embedded/libs/stm32/STM32F10x_StdPeriph_Driver/stm32f10x_iwdg.c ****   /* Check the parameters */
 127:../../../SDK_embedded/libs/stm32/STM32F10x_StdPeriph_Driver/stm32f10x_iwdg.c ****   assert_param(IS_IWDG_RELOAD(Reload));
 128:../../../SDK_embedded/libs/stm32/STM32F10x_StdPeriph_Driver/stm32f10x_iwdg.c ****   IWDG->RLR = Reload;
 15923              		.loc 1 128 0
 15924 0000 014B     		ldr	r3, .L8
 15925 0002 9860     		str	r0, [r3, #8]
 129:../../../SDK_embedded/libs/stm32/STM32F10x_StdPeriph_Driver/stm32f10x_iwdg.c **** }
 15926              		.loc 1 129 0
 15927 0004 7047     		bx	lr
 15928              	.L9:
 15929 0006 00BF     		.align	2
 15930              	.L8:
 15931 0008 00300040 		.word	1073754112
 15932              		.cfi_endproc
 15933              	.LFE31:
 15935              		.section	.text.IWDG_ReloadCounter,"ax",%progbits
 15936              		.align	1
 15937              		.global	IWDG_ReloadCounter
 15938              		.thumb
 15939              		.thumb_func
 15941              	IWDG_ReloadCounter:
 15942              	.LFB32:
 130:../../../SDK_embedded/libs/stm32/STM32F10x_StdPeriph_Driver/stm32f10x_iwdg.c **** 
 131:../../../SDK_embedded/libs/stm32/STM32F10x_StdPeriph_Driver/stm32f10x_iwdg.c **** /**
 132:../../../SDK_embedded/libs/stm32/STM32F10x_StdPeriph_Driver/stm32f10x_iwdg.c ****   * @brief  Reloads IWDG counter with value defined in the reload register
 133:../../../SDK_embedded/libs/stm32/STM32F10x_StdPeriph_Driver/stm32f10x_iwdg.c ****   *   (write access to IWDG_PR and IWDG_RLR registers disabled).
 134:../../../SDK_embedded/libs/stm32/STM32F10x_StdPeriph_Driver/stm32f10x_iwdg.c ****   * @param  None
 135:../../../SDK_embedded/libs/stm32/STM32F10x_StdPeriph_Driver/stm32f10x_iwdg.c ****   * @retval None
 136:../../../SDK_embedded/libs/stm32/STM32F10x_StdPeriph_Driver/stm32f10x_iwdg.c ****   */
 137:../../../SDK_embedded/libs/stm32/STM32F10x_StdPeriph_Driver/stm32f10x_iwdg.c **** void IWDG_ReloadCounter(void)
 138:../../../SDK_embedded/libs/stm32/STM32F10x_StdPeriph_Driver/stm32f10x_iwdg.c **** {
 15943              		.loc 1 138 0
 15944              		.cfi_startproc
 15945              		@ args = 0, pretend = 0, frame = 0
 15946              		@ frame_needed = 0, uses_anonymous_args = 0
 15947              		@ link register save eliminated.
 139:../../../SDK_embedded/libs/stm32/STM32F10x_StdPeriph_Driver/stm32f10x_iwdg.c ****   IWDG->KR = KR_KEY_Reload;
 15948              		.loc 1 139 0
 15949 0000 024B     		ldr	r3, .L11
 15950 0002 4AF6AA22 		movw	r2, #43690
 15951 0006 1A60     		str	r2, [r3, #0]
 140:../../../SDK_embedded/libs/stm32/STM32F10x_StdPeriph_Driver/stm32f10x_iwdg.c **** }
 15952              		.loc 1 140 0
 15953 0008 7047     		bx	lr
 15954              	.L12:
 15955 000a 00BF     		.align	2
 15956              	.L11:
 15957 000c 00300040 		.word	1073754112
 15958              		.cfi_endproc
 15959              	.LFE32:
 15961              		.section	.text.IWDG_Enable,"ax",%progbits
 15962              		.align	1
 15963              		.global	IWDG_Enable
 15964              		.thumb
 15965              		.thumb_func
 15967              	IWDG_Enable:
 15968              	.LFB33:
 141:../../../SDK_embedded/libs/stm32/STM32F10x_StdPeriph_Driver/stm32f10x_iwdg.c **** 
 142:../../../SDK_embedded/libs/stm32/STM32F10x_StdPeriph_Driver/stm32f10x_iwdg.c **** /**
 143:../../../SDK_embedded/libs/stm32/STM32F10x_StdPeriph_Driver/stm32f10x_iwdg.c ****   * @brief  Enables IWDG (write access to IWDG_PR and IWDG_RLR registers disabled).
 144:../../../SDK_embedded/libs/stm32/STM32F10x_StdPeriph_Driver/stm32f10x_iwdg.c ****   * @param  None
 145:../../../SDK_embedded/libs/stm32/STM32F10x_StdPeriph_Driver/stm32f10x_iwdg.c ****   * @retval None
 146:../../../SDK_embedded/libs/stm32/STM32F10x_StdPeriph_Driver/stm32f10x_iwdg.c ****   */
 147:../../../SDK_embedded/libs/stm32/STM32F10x_StdPeriph_Driver/stm32f10x_iwdg.c **** void IWDG_Enable(void)
 148:../../../SDK_embedded/libs/stm32/STM32F10x_StdPeriph_Driver/stm32f10x_iwdg.c **** {
 15969              		.loc 1 148 0
 15970              		.cfi_startproc
 15971              		@ args = 0, pretend = 0, frame = 0
 15972              		@ frame_needed = 0, uses_anonymous_args = 0
 15973              		@ link register save eliminated.
 149:../../../SDK_embedded/libs/stm32/STM32F10x_StdPeriph_Driver/stm32f10x_iwdg.c ****   IWDG->KR = KR_KEY_Enable;
 15974              		.loc 1 149 0
 15975 0000 024B     		ldr	r3, .L14
 15976 0002 4CF6CC42 		movw	r2, #52428
 15977 0006 1A60     		str	r2, [r3, #0]
 150:../../../SDK_embedded/libs/stm32/STM32F10x_StdPeriph_Driver/stm32f10x_iwdg.c **** }
 15978              		.loc 1 150 0
 15979 0008 7047     		bx	lr
 15980              	.L15:
 15981 000a 00BF     		.align	2
 15982              	.L14:
 15983 000c 00300040 		.word	1073754112
 15984              		.cfi_endproc
 15985              	.LFE33:
 15987              		.section	.text.IWDG_GetFlagStatus,"ax",%progbits
 15988              		.align	1
 15989              		.global	IWDG_GetFlagStatus
 15990              		.thumb
 15991              		.thumb_func
 15993              	IWDG_GetFlagStatus:
 15994              	.LFB34:
 151:../../../SDK_embedded/libs/stm32/STM32F10x_StdPeriph_Driver/stm32f10x_iwdg.c **** 
 152:../../../SDK_embedded/libs/stm32/STM32F10x_StdPeriph_Driver/stm32f10x_iwdg.c **** /**
 153:../../../SDK_embedded/libs/stm32/STM32F10x_StdPeriph_Driver/stm32f10x_iwdg.c ****   * @brief  Checks whether the specified IWDG flag is set or not.
 154:../../../SDK_embedded/libs/stm32/STM32F10x_StdPeriph_Driver/stm32f10x_iwdg.c ****   * @param  IWDG_FLAG: specifies the flag to check.
 155:../../../SDK_embedded/libs/stm32/STM32F10x_StdPeriph_Driver/stm32f10x_iwdg.c ****   *   This parameter can be one of the following values:
 156:../../../SDK_embedded/libs/stm32/STM32F10x_StdPeriph_Driver/stm32f10x_iwdg.c ****   *     @arg IWDG_FLAG_PVU: Prescaler Value Update on going
 157:../../../SDK_embedded/libs/stm32/STM32F10x_StdPeriph_Driver/stm32f10x_iwdg.c ****   *     @arg IWDG_FLAG_RVU: Reload Value Update on going
 158:../../../SDK_embedded/libs/stm32/STM32F10x_StdPeriph_Driver/stm32f10x_iwdg.c ****   * @retval The new state of IWDG_FLAG (SET or RESET).
 159:../../../SDK_embedded/libs/stm32/STM32F10x_StdPeriph_Driver/stm32f10x_iwdg.c ****   */
 160:../../../SDK_embedded/libs/stm32/STM32F10x_StdPeriph_Driver/stm32f10x_iwdg.c **** FlagStatus IWDG_GetFlagStatus(uint16_t IWDG_FLAG)
 161:../../../SDK_embedded/libs/stm32/STM32F10x_StdPeriph_Driver/stm32f10x_iwdg.c **** {
 15995              		.loc 1 161 0
 15996              		.cfi_startproc
 15997              		@ args = 0, pretend = 0, frame = 0
 15998              		@ frame_needed = 0, uses_anonymous_args = 0
 15999              		@ link register save eliminated.
 16000              	.LVL3:
 162:../../../SDK_embedded/libs/stm32/STM32F10x_StdPeriph_Driver/stm32f10x_iwdg.c ****   FlagStatus bitstatus = RESET;
 163:../../../SDK_embedded/libs/stm32/STM32F10x_StdPeriph_Driver/stm32f10x_iwdg.c ****   /* Check the parameters */
 164:../../../SDK_embedded/libs/stm32/STM32F10x_StdPeriph_Driver/stm32f10x_iwdg.c ****   assert_param(IS_IWDG_FLAG(IWDG_FLAG));
 165:../../../SDK_embedded/libs/stm32/STM32F10x_StdPeriph_Driver/stm32f10x_iwdg.c ****   if ((IWDG->SR & IWDG_FLAG) != (uint32_t)RESET)
 16001              		.loc 1 165 0
 16002 0000 0349     		ldr	r1, .L17
 16003 0002 CB68     		ldr	r3, [r1, #12]
 16004              	.LVL4:
 166:../../../SDK_embedded/libs/stm32/STM32F10x_StdPeriph_Driver/stm32f10x_iwdg.c ****   {
 167:../../../SDK_embedded/libs/stm32/STM32F10x_StdPeriph_Driver/stm32f10x_iwdg.c ****     bitstatus = SET;
 16005              		.loc 1 167 0
 16006 0004 1842     		tst	r0, r3
 165:../../../SDK_embedded/libs/stm32/STM32F10x_StdPeriph_Driver/stm32f10x_iwdg.c ****   if ((IWDG->SR & IWDG_FLAG) != (uint32_t)RESET)
 16007              		.loc 1 165 0
 16008 0006 0CBF     		ite	eq
 16009 0008 0020     		moveq	r0, #0
 16010 000a 0120     		movne	r0, #1
 16011              	.LVL5:
 168:../../../SDK_embedded/libs/stm32/STM32F10x_StdPeriph_Driver/stm32f10x_iwdg.c ****   }
 169:../../../SDK_embedded/libs/stm32/STM32F10x_StdPeriph_Driver/stm32f10x_iwdg.c ****   else
 170:../../../SDK_embedded/libs/stm32/STM32F10x_StdPeriph_Driver/stm32f10x_iwdg.c ****   {
 171:../../../SDK_embedded/libs/stm32/STM32F10x_StdPeriph_Driver/stm32f10x_iwdg.c ****     bitstatus = RESET;
 172:../../../SDK_embedded/libs/stm32/STM32F10x_StdPeriph_Driver/stm32f10x_iwdg.c ****   }
 173:../../../SDK_embedded/libs/stm32/STM32F10x_StdPeriph_Driver/stm32f10x_iwdg.c ****   /* Return the flag status */
 174:../../../SDK_embedded/libs/stm32/STM32F10x_StdPeriph_Driver/stm32f10x_iwdg.c ****   return bitstatus;
 175:../../../SDK_embedded/libs/stm32/STM32F10x_StdPeriph_Driver/stm32f10x_iwdg.c **** }
 16012              		.loc 1 175 0
 16013 000c 7047     		bx	lr
 16014              	.L18:
 16015 000e 00BF     		.align	2
 16016              	.L17:
 16017 0010 00300040 		.word	1073754112
 16018              		.cfi_endproc
 16019              	.LFE34:
 16021              		.text
 16022              	.Letext0:
DEFINED SYMBOLS
                            *ABS*:00000000 stm32f10x_iwdg.c
C:\DOCUME~1\Admin\LOCALS~1\Temp\ccG5dQCw.s:15858  .text.IWDG_WriteAccessCmd:00000000 $t
C:\DOCUME~1\Admin\LOCALS~1\Temp\ccG5dQCw.s:15863  .text.IWDG_WriteAccessCmd:00000000 IWDG_WriteAccessCmd
C:\DOCUME~1\Admin\LOCALS~1\Temp\ccG5dQCw.s:15879  .text.IWDG_WriteAccessCmd:00000008 $d
C:\DOCUME~1\Admin\LOCALS~1\Temp\ccG5dQCw.s:15884  .text.IWDG_SetPrescaler:00000000 $t
C:\DOCUME~1\Admin\LOCALS~1\Temp\ccG5dQCw.s:15889  .text.IWDG_SetPrescaler:00000000 IWDG_SetPrescaler
C:\DOCUME~1\Admin\LOCALS~1\Temp\ccG5dQCw.s:15905  .text.IWDG_SetPrescaler:00000008 $d
C:\DOCUME~1\Admin\LOCALS~1\Temp\ccG5dQCw.s:15910  .text.IWDG_SetReload:00000000 $t
C:\DOCUME~1\Admin\LOCALS~1\Temp\ccG5dQCw.s:15915  .text.IWDG_SetReload:00000000 IWDG_SetReload
C:\DOCUME~1\Admin\LOCALS~1\Temp\ccG5dQCw.s:15931  .text.IWDG_SetReload:00000008 $d
C:\DOCUME~1\Admin\LOCALS~1\Temp\ccG5dQCw.s:15936  .text.IWDG_ReloadCounter:00000000 $t
C:\DOCUME~1\Admin\LOCALS~1\Temp\ccG5dQCw.s:15941  .text.IWDG_ReloadCounter:00000000 IWDG_ReloadCounter
C:\DOCUME~1\Admin\LOCALS~1\Temp\ccG5dQCw.s:15957  .text.IWDG_ReloadCounter:0000000c $d
C:\DOCUME~1\Admin\LOCALS~1\Temp\ccG5dQCw.s:15962  .text.IWDG_Enable:00000000 $t
C:\DOCUME~1\Admin\LOCALS~1\Temp\ccG5dQCw.s:15967  .text.IWDG_Enable:00000000 IWDG_Enable
C:\DOCUME~1\Admin\LOCALS~1\Temp\ccG5dQCw.s:15983  .text.IWDG_Enable:0000000c $d
C:\DOCUME~1\Admin\LOCALS~1\Temp\ccG5dQCw.s:15988  .text.IWDG_GetFlagStatus:00000000 $t
C:\DOCUME~1\Admin\LOCALS~1\Temp\ccG5dQCw.s:15993  .text.IWDG_GetFlagStatus:00000000 IWDG_GetFlagStatus
C:\DOCUME~1\Admin\LOCALS~1\Temp\ccG5dQCw.s:16017  .text.IWDG_GetFlagStatus:00000010 $d
                     .debug_frame:00000010 $d

NO UNDEFINED SYMBOLS
